<?xml version="1.0" encoding="UTF-8" ?>
<testsuite errors="0" failures="0" hostname="DESKTOP-9MRC2TL" name="com.example.demo.JunitTestApplicationTests" skipped="0" tests="1" time="4.096" timestamp="2019-06-17T03:48:00">
  <properties>
[...]
</properties>
  <testcase classname="com.example.demo.JunitTestApplicationTests" name="contextLoads" time="0.671" />
  <system-out><![CDATA[11:47:59.608 [main] DEBUG org.springframework.test.context.junit4.SpringJUnit4ClassRunner - SpringJUnit4ClassRunner constructor called with [class com.example.demo.JunitTestApplicationTests]
11:47:59.616 [main] DEBUG org.springframework.test.context.BootstrapUtils - Instantiating CacheAwareContextLoaderDelegate from class [org.springframework.test.context.cache.DefaultCacheAwareContextLoaderDelegate]
11:47:59.639 [main] DEBUG org.springframework.test.context.BootstrapUtils - Instantiating BootstrapContext using constructor [public org.springframework.test.context.support.DefaultBootstrapContext(java.lang.Class,org.springframework.test.context.CacheAwareContextLoaderDelegate)]
11:47:59.720 [main] DEBUG org.springframework.test.context.BootstrapUtils - Instantiating TestContextBootstrapper for test class [com.example.demo.JunitTestApplicationTests] from class [org.springframework.boot.test.context.SpringBootTestContextBootstrapper]
11:47:59.761 [main] INFO org.springframework.boot.test.context.SpringBootTestContextBootstrapper - Neither @ContextConfiguration nor @ContextHierarchy found for test class [com.example.demo.JunitTestApplicationTests], using SpringBootContextLoader
11:47:59.769 [main] DEBUG org.springframework.test.context.support.AbstractContextLoader - Did not detect default resource location for test class [com.example.demo.JunitTestApplicationTests]: class path resource [com/example/demo/JunitTestApplicationTests-context.xml] does not exist
11:47:59.770 [main] DEBUG org.springframework.test.context.support.AbstractContextLoader - Did not detect default resource location for test class [com.example.demo.JunitTestApplicationTests]: class path resource [com/example/demo/JunitTestApplicationTestsContext.groovy] does not exist
11:47:59.771 [main] INFO org.springframework.test.context.support.AbstractContextLoader - Could not detect default resource locations for test class [com.example.demo.JunitTestApplicationTests]: no resource found for suffixes {-context.xml, Context.groovy}.
11:47:59.772 [main] INFO org.springframework.test.context.support.AnnotationConfigContextLoaderUtils - Could not detect default configuration classes for test class [com.example.demo.JunitTestApplicationTests]: JunitTestApplicationTests does not declare any static, non-private, non-final, nested classes annotated with @Configuration.
11:47:59.953 [main] DEBUG org.springframework.test.context.support.ActiveProfilesUtils - Could not find an 'annotation declaring class' for annotation type [org.springframework.test.context.ActiveProfiles] and class [com.example.demo.JunitTestApplicationTests]
11:48:00.256 [main] DEBUG org.springframework.context.annotation.ClassPathScanningCandidateComponentProvider - Identified candidate component class: file [C:\tools\workspace\yunmeter\junitTest\target\classes\com\example\demo\JunitTestApplication.class]
11:48:00.261 [main] INFO org.springframework.boot.test.context.SpringBootTestContextBootstrapper - Found @SpringBootConfiguration com.example.demo.JunitTestApplication for test class com.example.demo.JunitTestApplicationTests
11:48:00.733 [main] DEBUG org.springframework.boot.test.context.SpringBootTestContextBootstrapper - @TestExecutionListeners is not present for class [com.example.demo.JunitTestApplicationTests]: using defaults.
11:48:00.739 [main] INFO org.springframework.boot.test.context.SpringBootTestContextBootstrapper - Loaded default TestExecutionListener class names from location [META-INF/spring.factories]: [org.springframework.boot.test.mock.mockito.MockitoTestExecutionListener, org.springframework.boot.test.mock.mockito.ResetMocksTestExecutionListener, org.springframework.boot.test.autoconfigure.restdocs.RestDocsTestExecutionListener, org.springframework.boot.test.autoconfigure.web.client.MockRestServiceServerResetTestExecutionListener, org.springframework.boot.test.autoconfigure.web.servlet.MockMvcPrintOnlyOnFailureTestExecutionListener, org.springframework.boot.test.autoconfigure.web.servlet.WebDriverTestExecutionListener, org.springframework.test.context.web.ServletTestExecutionListener, org.springframework.test.context.support.DirtiesContextBeforeModesTestExecutionListener, org.springframework.test.context.support.DependencyInjectionTestExecutionListener, org.springframework.test.context.support.DirtiesContextTestExecutionListener, org.springframework.test.context.transaction.TransactionalTestExecutionListener, org.springframework.test.context.jdbc.SqlScriptsTestExecutionListener]
11:48:00.787 [main] DEBUG org.springframework.boot.test.context.SpringBootTestContextBootstrapper - Skipping candidate TestExecutionListener [org.springframework.test.context.web.ServletTestExecutionListener] due to a missing dependency. Specify custom listener classes or make the default listener classes and their required dependencies available. Offending class: [javax/servlet/ServletContext]
11:48:00.790 [main] DEBUG org.springframework.boot.test.context.SpringBootTestContextBootstrapper - Skipping candidate TestExecutionListener [org.springframework.test.context.transaction.TransactionalTestExecutionListener] due to a missing dependency. Specify custom listener classes or make the default listener classes and their required dependencies available. Offending class: [org/springframework/transaction/interceptor/TransactionAttributeSource]
11:48:00.797 [main] DEBUG org.springframework.boot.test.context.SpringBootTestContextBootstrapper - Skipping candidate TestExecutionListener [org.springframework.test.context.jdbc.SqlScriptsTestExecutionListener] due to a missing dependency. Specify custom listener classes or make the default listener classes and their required dependencies available. Offending class: [org/springframework/transaction/interceptor/TransactionAttribute]
11:48:00.797 [main] INFO org.springframework.boot.test.context.SpringBootTestContextBootstrapper - Using TestExecutionListeners: [org.springframework.test.context.support.DirtiesContextBeforeModesTestExecutionListener@49d904ec, org.springframework.boot.test.mock.mockito.MockitoTestExecutionListener@48e4374, org.springframework.boot.test.autoconfigure.SpringBootDependencyInjectionTestExecutionListener@3d680b5a, org.springframework.test.context.support.DirtiesContextTestExecutionListener@4b5d6a01, org.springframework.boot.test.mock.mockito.ResetMocksTestExecutionListener@4a22f9e2, org.springframework.boot.test.autoconfigure.restdocs.RestDocsTestExecutionListener@3c419631, org.springframework.boot.test.autoconfigure.web.client.MockRestServiceServerResetTestExecutionListener@418e7838, org.springframework.boot.test.autoconfigure.web.servlet.MockMvcPrintOnlyOnFailureTestExecutionListener@61230f6a, org.springframework.boot.test.autoconfigure.web.servlet.WebDriverTestExecutionListener@3c130745]
11:48:00.980 [main] DEBUG org.springframework.test.annotation.ProfileValueUtils - Retrieved @ProfileValueSourceConfiguration [null] for test class [com.example.demo.JunitTestApplicationTests]
11:48:00.982 [main] DEBUG org.springframework.test.annotation.ProfileValueUtils - Retrieved ProfileValueSource type [class org.springframework.test.annotation.SystemProfileValueSource] for class [com.example.demo.JunitTestApplicationTests]
11:48:00.995 [main] DEBUG org.springframework.test.annotation.ProfileValueUtils - Retrieved @ProfileValueSourceConfiguration [null] for test class [com.example.demo.JunitTestApplicationTests]
11:48:00.995 [main] DEBUG org.springframework.test.annotation.ProfileValueUtils - Retrieved ProfileValueSource type [class org.springframework.test.annotation.SystemProfileValueSource] for class [com.example.demo.JunitTestApplicationTests]
11:48:01.000 [main] DEBUG org.springframework.test.annotation.ProfileValueUtils - Retrieved @ProfileValueSourceConfiguration [null] for test class [com.example.demo.JunitTestApplicationTests]
11:48:01.001 [main] DEBUG org.springframework.test.annotation.ProfileValueUtils - Retrieved ProfileValueSource type [class org.springframework.test.annotation.SystemProfileValueSource] for class [com.example.demo.JunitTestApplicationTests]
11:48:01.022 [main] DEBUG org.springframework.test.context.support.AbstractDirtiesContextTestExecutionListener - Before test class: context [DefaultTestContext@3f197a46 testClass = JunitTestApplicationTests, testInstance = [null], testMethod = [null], testException = [null], mergedContextConfiguration = [MergedContextConfiguration@636be97c testClass = JunitTestApplicationTests, locations = '{}', classes = '{class com.example.demo.JunitTestApplication}', contextInitializerClasses = '[]', activeProfiles = '{}', propertySourceLocations = '{}', propertySourceProperties = '{org.springframework.boot.test.context.SpringBootTestContextBootstrapper=true}', contextCustomizers = set[org.springframework.boot.test.context.filter.ExcludeFilterContextCustomizer@3224f60b, org.springframework.boot.test.json.DuplicateJsonObjectContextCustomizerFactory$DuplicateJsonObjectContextCustomizer@6737fd8f, org.springframework.boot.test.mock.mockito.MockitoContextCustomizer@0, org.springframework.boot.test.web.client.TestRestTemplateContextCustomizer@4e7dc304, org.springframework.boot.test.autoconfigure.properties.PropertyMappingContextCustomizer@0, org.springframework.boot.test.autoconfigure.web.servlet.WebDriverContextCustomizerFactory$Customizer@27a8c74e], contextLoader = 'org.springframework.boot.test.context.SpringBootContextLoader', parent = [null]], attributes = map[[empty]]], class annotated with @DirtiesContext [false] with mode [null].
11:48:01.025 [main] DEBUG org.springframework.test.annotation.ProfileValueUtils - Retrieved @ProfileValueSourceConfiguration [null] for test class [com.example.demo.JunitTestApplicationTests]
11:48:01.025 [main] DEBUG org.springframework.test.annotation.ProfileValueUtils - Retrieved ProfileValueSource type [class org.springframework.test.annotation.SystemProfileValueSource] for class [com.example.demo.JunitTestApplicationTests]
11:48:01.059 [main] DEBUG org.springframework.test.context.support.DependencyInjectionTestExecutionListener - Performing dependency injection for test context [[DefaultTestContext@3f197a46 testClass = JunitTestApplicationTests, testInstance = com.example.demo.JunitTestApplicationTests@28eaa59a, testMethod = [null], testException = [null], mergedContextConfiguration = [MergedContextConfiguration@636be97c testClass = JunitTestApplicationTests, locations = '{}', classes = '{class com.example.demo.JunitTestApplication}', contextInitializerClasses = '[]', activeProfiles = '{}', propertySourceLocations = '{}', propertySourceProperties = '{org.springframework.boot.test.context.SpringBootTestContextBootstrapper=true}', contextCustomizers = set[org.springframework.boot.test.context.filter.ExcludeFilterContextCustomizer@3224f60b, org.springframework.boot.test.json.DuplicateJsonObjectContextCustomizerFactory$DuplicateJsonObjectContextCustomizer@6737fd8f, org.springframework.boot.test.mock.mockito.MockitoContextCustomizer@0, org.springframework.boot.test.web.client.TestRestTemplateContextCustomizer@4e7dc304, org.springframework.boot.test.autoconfigure.properties.PropertyMappingContextCustomizer@0, org.springframework.boot.test.autoconfigure.web.servlet.WebDriverContextCustomizerFactory$Customizer@27a8c74e], contextLoader = 'org.springframework.boot.test.context.SpringBootContextLoader', parent = [null]], attributes = map[[empty]]]].
11:48:01.144 [main] DEBUG org.springframework.test.context.support.TestPropertySourceUtils - Adding inlined properties to environment: {spring.jmx.enabled=false, org.springframework.boot.test.context.SpringBootTestContextBootstrapper=true, server.port=-1}

  .   ____          _            __ _ _
 /\\ / ___'_ __ _ _(_)_ __  __ _ \ \ \ \
( ( )\___ | '_ | '_| | '_ \/ _` | \ \ \ \
 \\/  ___)| |_)| | | | | || (_| |  ) ) ) )
  '  |____| .__|_| |_|_| |_\__, | / / / /
 =========|_|==============|___/=/_/_/_/
 :: Spring Boot ::        (v2.1.5.RELEASE)

2019-06-17 11:48:02.138  INFO 13056 --- [           main] c.e.demo.JunitTestApplicationTests       : Starting JunitTestApplicationTests on DESKTOP-9MRC2TL with PID 13056 (started by 10299 in C:\tools\workspace\yunmeter\junitTest)
2019-06-17 11:48:02.143  INFO 13056 --- [           main] c.e.demo.JunitTestApplicationTests       : No active profile set, falling back to default profiles: default
2019-06-17 11:48:04.166  INFO 13056 --- [           main] c.e.demo.JunitTestApplicationTests       : Started JunitTestApplicationTests in 3.016 seconds (JVM running for 6.108)
ShowMe [hand=60, foot=160]
]]></system-out>
  <system-err><![CDATA[]]></system-err>
</testsuite>
